{
  "stats": {
    "suites": 4,
    "tests": 10,
    "passes": 8,
    "pending": 0,
    "failures": 2,
    "testsRegistered": 10,
    "passPercent": 80,
    "pendingPercent": 0,
    "other": 0,
    "hasOther": false,
    "skipped": 0,
    "hasSkipped": false,
    "start": "2023-06-30T13:40:47.893Z",
    "end": "2023-06-30T13:42:30.898Z",
    "duration": 103005
  },
  "results": [
    {
      "uuid": "ad3b9f70-5ee2-4455-9f44-c779d86e7d5e",
      "title": "",
      "fullFile": "cypress/e2e/SignupLogin.ts",
      "file": "cypress/e2e/SignupLogin.ts",
      "beforeHooks": [],
      "afterHooks": [],
      "tests": [],
      "suites": [
        {
          "uuid": "62d04c20-e125-457f-b1ea-ed30eddec933",
          "title": "Create and login",
          "fullFile": "",
          "file": "",
          "beforeHooks": [],
          "afterHooks": [],
          "tests": [
            {
              "title": "Login with correct data",
              "fullTitle": "Create and login Login with correct data",
              "timedOut": null,
              "duration": 10874,
              "state": "passed",
              "speed": "slow",
              "pass": true,
              "fail": false,
              "pending": false,
              "context": null,
              "code": "homePage.login('gent@gmail.com', data.password);",
              "err": {},
              "uuid": "fb707f62-fbed-460a-8c9d-29763b17d756",
              "parentUUID": "62d04c20-e125-457f-b1ea-ed30eddec933",
              "isHook": false,
              "skipped": false
            },
            {
              "title": "Try to login with incorrect data",
              "fullTitle": "Create and login Try to login with incorrect data",
              "timedOut": null,
              "duration": 5678,
              "state": "passed",
              "speed": "medium",
              "pass": true,
              "fail": false,
              "pending": false,
              "context": null,
              "code": "homePage.login('gent@gmail.com', '123123');\nhomePage.incorrectData();",
              "err": {},
              "uuid": "bd01377c-4fa6-4a8a-8724-2cf1aed7f87a",
              "parentUUID": "62d04c20-e125-457f-b1ea-ed30eddec933",
              "isHook": false,
              "skipped": false
            }
          ],
          "suites": [],
          "passes": [
            "fb707f62-fbed-460a-8c9d-29763b17d756",
            "bd01377c-4fa6-4a8a-8724-2cf1aed7f87a"
          ],
          "failures": [],
          "pending": [],
          "skipped": [],
          "duration": 16552,
          "root": false,
          "rootEmpty": false,
          "_timeout": 2000
        }
      ],
      "passes": [],
      "failures": [],
      "pending": [],
      "skipped": [],
      "duration": 0,
      "root": true,
      "rootEmpty": true,
      "_timeout": 2000
    },
    {
      "uuid": "91fa9626-dba2-45ab-8278-daf7b87dbe43",
      "title": "",
      "fullFile": "cypress/e2e/contactUs.ts",
      "file": "cypress/e2e/contactUs.ts",
      "beforeHooks": [],
      "afterHooks": [],
      "tests": [],
      "suites": [
        {
          "uuid": "0dcc49c2-a336-4fc1-bf7d-e503025cc38b",
          "title": "Contact Us Page",
          "fullFile": "",
          "file": "",
          "beforeHooks": [],
          "afterHooks": [],
          "tests": [
            {
              "title": "Contact Us",
              "fullTitle": "Contact Us Page Contact Us",
              "timedOut": null,
              "duration": 18110,
              "state": "passed",
              "speed": "slow",
              "pass": true,
              "fail": false,
              "pending": false,
              "context": null,
              "code": "cy.clickOn(homePage.selectors.contactUs);\ncy.getValue(contactPage.selectors.getInTouch, contactPage.selectors.getInTouchText);\ncy.fillInput(contactPage.selectors.name, 'Gent');\ncy.fillInput(contactPage.selectors.email, 'gent@gmail.com');\ncy.fillInput(contactPage.selectors.subject, 'AI');\ncy.fillInput(contactPage.selectors.message, 'Test....');\ncy.uploadFile(contactPage.selectors.fileUpload, 'cypress/fixtures/sample.pdf');\ncy.clickOn(contactPage.selectors.submit);\ncy.getValue(contactPage.selectors.success, 'Success! Your details have been submitted successfully.');\ncy.clickOn(contactPage.selectors.homeButton);\ncy.verifyUrlOfPage(homePage.selectors.homePageUrl);",
              "err": {},
              "uuid": "a7a1ba28-3c35-4e28-b0fa-41590e0f8ae2",
              "parentUUID": "0dcc49c2-a336-4fc1-bf7d-e503025cc38b",
              "isHook": false,
              "skipped": false
            },
            {
              "title": "Verify Test Cases Page",
              "fullTitle": "Contact Us Page Verify Test Cases Page",
              "timedOut": null,
              "duration": 10151,
              "state": "failed",
              "speed": null,
              "pass": false,
              "fail": true,
              "pending": false,
              "context": null,
              "code": "cy.clickOn(homePage.selectors.testCase);\ncy.verifyUrlOfPage('/' + 'test_cases');",
              "err": {
                "message": "AssertionError: Timed out retrying after 4000ms: expected 'https://www.automationexercise.com/test_cases' to equal '/test_cases'",
                "estack": "AssertionError: Timed out retrying after 4000ms: expected 'https://www.automationexercise.com/test_cases' to equal '/test_cases'\n    at Context.eval (webpack:///./cypress/support/commands.ts:61:0)",
                "diff": "- 'https://www.automationexercise.com/test_cases'\n+ '/test_cases'\n"
              },
              "uuid": "4df240eb-e484-4e5d-8146-0a2af36fc5a9",
              "parentUUID": "0dcc49c2-a336-4fc1-bf7d-e503025cc38b",
              "isHook": false,
              "skipped": false
            }
          ],
          "suites": [],
          "passes": [
            "a7a1ba28-3c35-4e28-b0fa-41590e0f8ae2"
          ],
          "failures": [
            "4df240eb-e484-4e5d-8146-0a2af36fc5a9"
          ],
          "pending": [],
          "skipped": [],
          "duration": 28261,
          "root": false,
          "rootEmpty": false,
          "_timeout": 2000
        }
      ],
      "passes": [],
      "failures": [],
      "pending": [],
      "skipped": [],
      "duration": 0,
      "root": true,
      "rootEmpty": true,
      "_timeout": 2000
    },
    {
      "uuid": "25f4ba65-4e7d-42d7-a78f-2c3ecd343d45",
      "title": "",
      "fullFile": "cypress/e2e/homePage.ts",
      "file": "cypress/e2e/homePage.ts",
      "beforeHooks": [],
      "afterHooks": [],
      "tests": [],
      "suites": [
        {
          "uuid": "a478823f-042a-4857-b0fb-b469c5b52486",
          "title": "HomePage",
          "fullFile": "",
          "file": "",
          "beforeHooks": [],
          "afterHooks": [],
          "tests": [
            {
              "title": "Verify Subscription in home page",
              "fullTitle": "HomePage Verify Subscription in home page",
              "timedOut": null,
              "duration": 10279,
              "state": "passed",
              "speed": "slow",
              "pass": true,
              "fail": false,
              "pending": false,
              "context": null,
              "code": "cy.scroll(homePage.selectors.footer);\ncy.getValue(homePage.selectors.subscription, 'Subscription');\ncy.fillInput(homePage.selectors.subscribeInput, 'Test@gmail.com');\ncy.clickOn(homePage.selectors.subscribeButton);\ncy.verifyPresence(homePage.selectors.alertSuccess);",
              "err": {},
              "uuid": "9da3ba5b-8c95-4366-a7bc-508ad0bdc122",
              "parentUUID": "a478823f-042a-4857-b0fb-b469c5b52486",
              "isHook": false,
              "skipped": false
            }
          ],
          "suites": [],
          "passes": [
            "9da3ba5b-8c95-4366-a7bc-508ad0bdc122"
          ],
          "failures": [],
          "pending": [],
          "skipped": [],
          "duration": 10279,
          "root": false,
          "rootEmpty": false,
          "_timeout": 2000
        }
      ],
      "passes": [],
      "failures": [],
      "pending": [],
      "skipped": [],
      "duration": 0,
      "root": true,
      "rootEmpty": true,
      "_timeout": 2000
    },
    {
      "uuid": "3ea9f75a-4e3d-4175-bac9-adad57c43606",
      "title": "",
      "fullFile": "cypress/e2e/products.ts",
      "file": "cypress/e2e/products.ts",
      "beforeHooks": [],
      "afterHooks": [],
      "tests": [],
      "suites": [
        {
          "uuid": "74d4bc19-1a21-4b3c-8ab0-d6cba048f5aa",
          "title": "Products",
          "fullFile": "",
          "file": "",
          "beforeHooks": [],
          "afterHooks": [],
          "tests": [
            {
              "title": "Verify All Products and product detail page",
              "fullTitle": "Products Verify All Products and product detail page",
              "timedOut": null,
              "duration": 6756,
              "state": "passed",
              "speed": "medium",
              "pass": true,
              "fail": false,
              "pending": false,
              "context": null,
              "code": "cy.get(products.selectors.viewProduct).click();\ncy.get(products.selectors.price).should('be.visible');\ncy.get(products.selectors.brand).should('be.visible');",
              "err": {},
              "uuid": "52395482-75db-4fd7-9f5a-46f5021831b0",
              "parentUUID": "74d4bc19-1a21-4b3c-8ab0-d6cba048f5aa",
              "isHook": false,
              "skipped": false
            },
            {
              "title": "Search Products",
              "fullTitle": "Products Search Products",
              "timedOut": null,
              "duration": 4698,
              "state": "passed",
              "speed": "fast",
              "pass": true,
              "fail": false,
              "pending": false,
              "context": null,
              "code": "cy.fillInput(products.selectors.searchInput, 'Premium Polo T-Shirts');\ncy.clickOn(products.selectors.searchInputButton);\ncy.getValue(products.selectors.expectedItem, 'Premium Polo T-Shirts');",
              "err": {},
              "uuid": "ea78172d-9d7b-4a90-9941-b0c00b8474ac",
              "parentUUID": "74d4bc19-1a21-4b3c-8ab0-d6cba048f5aa",
              "isHook": false,
              "skipped": false
            },
            {
              "title": "Add multiple prodcuts to cart",
              "fullTitle": "Products Add multiple prodcuts to cart",
              "timedOut": null,
              "duration": 11012,
              "state": "passed",
              "speed": "slow",
              "pass": true,
              "fail": false,
              "pending": false,
              "context": null,
              "code": "globalThis.data.productName.forEach(function (el) {\n    products.addMultipleProducts(products.selectors.firstProduct, el);\n    debugger;\n    // cy.wait(2000)\n    // cy.clickOn(products.selectors.modal);\n    // cy.clickOn(carts.selectors.carts);\n});",
              "err": {},
              "uuid": "f64b523d-d5ba-4ab2-b5ef-2e27fd73532f",
              "parentUUID": "74d4bc19-1a21-4b3c-8ab0-d6cba048f5aa",
              "isHook": false,
              "skipped": false
            },
            {
              "title": "Add Products to Cart",
              "fullTitle": "Products Add Products to Cart",
              "timedOut": null,
              "duration": 6623,
              "state": "passed",
              "speed": "medium",
              "pass": true,
              "fail": false,
              "pending": false,
              "context": null,
              "code": "let firstProductValue;\nproducts.clickOnHover(products.selectors.firstProduct);\n// Get the value of the first product on the first page\ncy.get(products.selectors.priceOfFirstProd)\n    .invoke('text')\n    .then((value) => {\n    firstProductValue = value;\n});\ncy.clickOn(products.selectors.modal);\ncy.clickOn(carts.selectors.carts);\n// Get the value of the first product on the last page\ncy.get(products.selectors.priceOfFirstProdOnPurchase)\n    .invoke('text')\n    .then((lastPageValue) => {\n    // Verify the values only if the first product exists on the first page\n    if (firstProductValue) {\n        cy.verifyValues(firstProductValue, lastPageValue);\n    }\n});",
              "err": {},
              "uuid": "ef4b6da3-0433-46ba-8970-488ce8229ef4",
              "parentUUID": "74d4bc19-1a21-4b3c-8ab0-d6cba048f5aa",
              "isHook": false,
              "skipped": false
            },
            {
              "title": "Verify Product quantity in Cart",
              "fullTitle": "Products Verify Product quantity in Cart",
              "timedOut": null,
              "duration": 10864,
              "state": "failed",
              "speed": null,
              "pass": false,
              "fail": true,
              "pending": false,
              "context": null,
              "code": "let qunatity = '10';\ncy.get(products.selectors.viewProduct).click();\nproducts.clearAndFillInput(products.selectors.quantity, qunatity);\ncy.clickOn(products.selectors.addProductToCartButton);\ncy.getValue(products.selectors.modalProductAdded, 'Added!');\ncy.clickOn(carts.selectors.carts);\ncy.get(carts.selectors.quantity)\n    .invoke('text')\n    .then((item) => {\n    cy.verifyValues(qunatity, item);\n});",
              "err": {
                "message": "AssertionError: Timed out retrying after 4000ms: Expected to find element: `.disabled`, but never found it.",
                "estack": "AssertionError: Timed out retrying after 4000ms: Expected to find element: `.disabled`, but never found it.\n    at Context.eval (webpack:///./cypress/e2e/products.ts:72:0)",
                "diff": null
              },
              "uuid": "2d5b25a2-c1b1-415d-93cd-4c11aeb51238",
              "parentUUID": "74d4bc19-1a21-4b3c-8ab0-d6cba048f5aa",
              "isHook": false,
              "skipped": false
            }
          ],
          "suites": [],
          "passes": [
            "52395482-75db-4fd7-9f5a-46f5021831b0",
            "ea78172d-9d7b-4a90-9941-b0c00b8474ac",
            "f64b523d-d5ba-4ab2-b5ef-2e27fd73532f",
            "ef4b6da3-0433-46ba-8970-488ce8229ef4"
          ],
          "failures": [
            "2d5b25a2-c1b1-415d-93cd-4c11aeb51238"
          ],
          "pending": [],
          "skipped": [],
          "duration": 39953,
          "root": false,
          "rootEmpty": false,
          "_timeout": 2000
        }
      ],
      "passes": [],
      "failures": [],
      "pending": [],
      "skipped": [],
      "duration": 0,
      "root": true,
      "rootEmpty": true,
      "_timeout": 2000
    }
  ],
  "meta": {
    "mocha": {
      "version": "7.0.1"
    },
    "mochawesome": {
      "options": {
        "quiet": false,
        "reportFilename": "mochawesome",
        "saveHtml": false,
        "saveJson": true,
        "consoleReporter": "spec",
        "useInlineDiffs": false,
        "code": true
      },
      "version": "7.1.3"
    },
    "marge": {
      "options": {
        "id": "default",
        "reportDir": "cypress/results/mochawesome",
        "quite": true,
        "overwrite": false,
        "html": false,
        "json": true
      },
      "version": "6.2.0"
    }
  }
}