{
  "stats": {
    "suites": 4,
    "tests": 10,
    "passes": 10,
    "pending": 0,
    "failures": 0,
    "testsRegistered": 10,
    "passPercent": 100,
    "pendingPercent": 0,
    "other": 0,
    "hasOther": false,
    "skipped": 0,
    "hasSkipped": false,
    "start": "2023-06-30T19:37:39.627Z",
    "end": "2023-06-30T19:39:03.183Z",
    "duration": 83556
  },
  "results": [
    {
      "uuid": "ac254109-c24e-4be0-b1b7-5a5c58d3d53b",
      "title": "",
      "fullFile": "cypress\\e2e\\homePage.ts",
      "file": "cypress\\e2e\\homePage.ts",
      "beforeHooks": [],
      "afterHooks": [],
      "tests": [],
      "suites": [
        {
          "uuid": "cd0da277-7374-4efb-a82d-2ce3a631b075",
          "title": "HomePage",
          "fullFile": "",
          "file": "",
          "beforeHooks": [],
          "afterHooks": [],
          "tests": [
            {
              "title": "Verify Subscription in home page",
              "fullTitle": "HomePage Verify Subscription in home page",
              "timedOut": null,
              "duration": 6560,
              "state": "passed",
              "speed": "medium",
              "pass": true,
              "fail": false,
              "pending": false,
              "context": null,
              "code": "cy.scroll(homePage.selectors.footer);\ncy.getValue(homePage.selectors.subscription, 'Subscription');\ncy.fillInput(homePage.selectors.subscribeInput, 'Test@gmail.com');\ncy.clickOn(homePage.selectors.subscribeButton);\ncy.verifyPresence(homePage.selectors.alertSuccess);",
              "err": {},
              "uuid": "965587f6-95d1-4bbd-bce1-ebdd6dccc4c5",
              "parentUUID": "cd0da277-7374-4efb-a82d-2ce3a631b075",
              "isHook": false,
              "skipped": false
            }
          ],
          "suites": [],
          "passes": [
            "965587f6-95d1-4bbd-bce1-ebdd6dccc4c5"
          ],
          "failures": [],
          "pending": [],
          "skipped": [],
          "duration": 6560,
          "root": false,
          "rootEmpty": false,
          "_timeout": 2000
        }
      ],
      "passes": [],
      "failures": [],
      "pending": [],
      "skipped": [],
      "duration": 0,
      "root": true,
      "rootEmpty": true,
      "_timeout": 2000
    },
    {
      "uuid": "07622f0c-9128-4702-91d0-093ffa4cedcc",
      "title": "",
      "fullFile": "cypress\\e2e\\products.ts",
      "file": "cypress\\e2e\\products.ts",
      "beforeHooks": [],
      "afterHooks": [],
      "tests": [],
      "suites": [
        {
          "uuid": "813838cc-a0af-4a63-835e-baf5eae82e69",
          "title": "Products",
          "fullFile": "",
          "file": "",
          "beforeHooks": [],
          "afterHooks": [],
          "tests": [
            {
              "title": "Verify All Products and product detail page",
              "fullTitle": "Products Verify All Products and product detail page",
              "timedOut": null,
              "duration": 6995,
              "state": "passed",
              "speed": "medium",
              "pass": true,
              "fail": false,
              "pending": false,
              "context": null,
              "code": "cy.get(products.selectors.viewProduct).click();\ncy.get(products.selectors.price).should('be.visible');\ncy.get(products.selectors.brand).should('be.visible');",
              "err": {},
              "uuid": "0fad14d7-9cc6-4994-9896-d89d0c09d282",
              "parentUUID": "813838cc-a0af-4a63-835e-baf5eae82e69",
              "isHook": false,
              "skipped": false
            },
            {
              "title": "Search Products",
              "fullTitle": "Products Search Products",
              "timedOut": null,
              "duration": 4616,
              "state": "passed",
              "speed": "fast",
              "pass": true,
              "fail": false,
              "pending": false,
              "context": null,
              "code": "cy.fillInput(products.selectors.searchInput, 'Premium Polo T-Shirts');\ncy.clickOn(products.selectors.searchInputButton);\ncy.getValue(products.selectors.expectedItem, 'Premium Polo T-Shirts');",
              "err": {},
              "uuid": "ab225db4-0f5b-44b8-97b8-9d016e0af455",
              "parentUUID": "813838cc-a0af-4a63-835e-baf5eae82e69",
              "isHook": false,
              "skipped": false
            },
            {
              "title": "Add multiple prodcuts to cart",
              "fullTitle": "Products Add multiple prodcuts to cart",
              "timedOut": null,
              "duration": 9665,
              "state": "passed",
              "speed": "medium",
              "pass": true,
              "fail": false,
              "pending": false,
              "context": null,
              "code": "globalThis.data.productName.forEach(function (el) {\n    products.addMultipleProducts(products.selectors.firstProduct, el);\n    debugger;\n    // cy.wait(2000)\n    // cy.clickOn(products.selectors.modal);\n    // cy.clickOn(carts.selectors.carts);\n});",
              "err": {},
              "uuid": "d37c35a0-2ad9-4c06-98d2-c7fffddca74a",
              "parentUUID": "813838cc-a0af-4a63-835e-baf5eae82e69",
              "isHook": false,
              "skipped": false
            },
            {
              "title": "Add Products to Cart",
              "fullTitle": "Products Add Products to Cart",
              "timedOut": null,
              "duration": 7509,
              "state": "passed",
              "speed": "medium",
              "pass": true,
              "fail": false,
              "pending": false,
              "context": null,
              "code": "let firstProductValue;\nproducts.clickOnHover(products.selectors.firstProduct);\n// Get the value of the first product on the first page\ncy.get(products.selectors.priceOfFirstProd)\n    .invoke('text')\n    .then((value) => {\n    firstProductValue = value;\n});\ncy.clickOn(products.selectors.modal);\ncy.clickOn(carts.selectors.carts);\n// Get the value of the first product on the last page\ncy.get(products.selectors.priceOfFirstProdOnPurchase)\n    .invoke('text')\n    .then((lastPageValue) => {\n    // Verify the values only if the first product exists on the first page\n    if (firstProductValue) {\n        cy.verifyValues(firstProductValue, lastPageValue);\n    }\n});",
              "err": {},
              "uuid": "38317ba6-513f-4cd7-9f99-b25b0e45c955",
              "parentUUID": "813838cc-a0af-4a63-835e-baf5eae82e69",
              "isHook": false,
              "skipped": false
            },
            {
              "title": "Verify Product quantity in Cart",
              "fullTitle": "Products Verify Product quantity in Cart",
              "timedOut": null,
              "duration": 7361,
              "state": "passed",
              "speed": "medium",
              "pass": true,
              "fail": false,
              "pending": false,
              "context": null,
              "code": "let qunatity = '10';\ncy.get(products.selectors.viewProduct).click();\nproducts.clearAndFillInput(products.selectors.quantity, qunatity);\ncy.clickOn(products.selectors.addProductToCartButton);\ncy.getValue(products.selectors.modalProductAdded, 'Added!');\ncy.clickOn(products.selectors.modal);\ncy.clickOn(carts.selectors.carts);\ncy.get(carts.selectors.quantity)\n    .invoke('text')\n    .then((item) => {\n    cy.verifyValues(qunatity, item);\n});",
              "err": {},
              "uuid": "00473362-5290-4070-8dfd-c96f4303e0c5",
              "parentUUID": "813838cc-a0af-4a63-835e-baf5eae82e69",
              "isHook": false,
              "skipped": false
            }
          ],
          "suites": [],
          "passes": [
            "0fad14d7-9cc6-4994-9896-d89d0c09d282",
            "ab225db4-0f5b-44b8-97b8-9d016e0af455",
            "d37c35a0-2ad9-4c06-98d2-c7fffddca74a",
            "38317ba6-513f-4cd7-9f99-b25b0e45c955",
            "00473362-5290-4070-8dfd-c96f4303e0c5"
          ],
          "failures": [],
          "pending": [],
          "skipped": [],
          "duration": 36146,
          "root": false,
          "rootEmpty": false,
          "_timeout": 2000
        }
      ],
      "passes": [],
      "failures": [],
      "pending": [],
      "skipped": [],
      "duration": 0,
      "root": true,
      "rootEmpty": true,
      "_timeout": 2000
    },
    {
      "uuid": "683ddbca-0286-43e9-a636-f46ef40385f0",
      "title": "",
      "fullFile": "cypress\\e2e\\SignupLogin.ts",
      "file": "cypress\\e2e\\SignupLogin.ts",
      "beforeHooks": [],
      "afterHooks": [],
      "tests": [],
      "suites": [
        {
          "uuid": "f02a5b21-9c57-4957-871f-7b6892bc79a9",
          "title": "Create and login",
          "fullFile": "",
          "file": "",
          "beforeHooks": [],
          "afterHooks": [],
          "tests": [
            {
              "title": "Login with correct data",
              "fullTitle": "Create and login Login with correct data",
              "timedOut": null,
              "duration": 9930,
              "state": "passed",
              "speed": "medium",
              "pass": true,
              "fail": false,
              "pending": false,
              "context": null,
              "code": "homePage.login('gent@gmail.com', data.password);",
              "err": {},
              "uuid": "56b768a1-0742-4438-9ca6-b1492af2e625",
              "parentUUID": "f02a5b21-9c57-4957-871f-7b6892bc79a9",
              "isHook": false,
              "skipped": false
            },
            {
              "title": "Try to login with incorrect data",
              "fullTitle": "Create and login Try to login with incorrect data",
              "timedOut": null,
              "duration": 6666,
              "state": "passed",
              "speed": "medium",
              "pass": true,
              "fail": false,
              "pending": false,
              "context": null,
              "code": "homePage.login('gent@gmail.com', '123123');\nhomePage.incorrectData();",
              "err": {},
              "uuid": "f379fc39-a940-43cb-892b-8c46400db0af",
              "parentUUID": "f02a5b21-9c57-4957-871f-7b6892bc79a9",
              "isHook": false,
              "skipped": false
            }
          ],
          "suites": [],
          "passes": [
            "56b768a1-0742-4438-9ca6-b1492af2e625",
            "f379fc39-a940-43cb-892b-8c46400db0af"
          ],
          "failures": [],
          "pending": [],
          "skipped": [],
          "duration": 16596,
          "root": false,
          "rootEmpty": false,
          "_timeout": 2000
        }
      ],
      "passes": [],
      "failures": [],
      "pending": [],
      "skipped": [],
      "duration": 0,
      "root": true,
      "rootEmpty": true,
      "_timeout": 2000
    },
    {
      "uuid": "a5eeee8c-5315-429d-a00e-54e83351bc5f",
      "title": "",
      "fullFile": "cypress\\e2e\\contactUs.ts",
      "file": "cypress\\e2e\\contactUs.ts",
      "beforeHooks": [],
      "afterHooks": [],
      "tests": [],
      "suites": [
        {
          "uuid": "3749972f-5ee9-4698-b3ac-350203ef7b30",
          "title": "Contact Us Page",
          "fullFile": "",
          "file": "",
          "beforeHooks": [],
          "afterHooks": [],
          "tests": [
            {
              "title": "Contact Us",
              "fullTitle": "Contact Us Page Contact Us",
              "timedOut": null,
              "duration": 14016,
              "state": "passed",
              "speed": "slow",
              "pass": true,
              "fail": false,
              "pending": false,
              "context": null,
              "code": "cy.clickOn(homePage.selectors.contactUs);\ncy.getValue(contactPage.selectors.getInTouch, contactPage.selectors.getInTouchText);\ncy.fillInput(contactPage.selectors.name, 'Gent');\ncy.fillInput(contactPage.selectors.email, 'gent@gmail.com');\ncy.fillInput(contactPage.selectors.subject, 'AI');\ncy.fillInput(contactPage.selectors.message, 'Test....');\ncy.uploadFile(contactPage.selectors.fileUpload, 'cypress/fixtures/sample.pdf');\ncy.clickOn(contactPage.selectors.submit);\ncy.getValue(contactPage.selectors.success, 'Success! Your details have been submitted successfully.');\ncy.clickOn(contactPage.selectors.homeButton);\ncy.verifyUrlOfPage(homePage.selectors.homePageUrl);",
              "err": {},
              "uuid": "1dac43b1-a963-41c2-a574-c0f500787337",
              "parentUUID": "3749972f-5ee9-4698-b3ac-350203ef7b30",
              "isHook": false,
              "skipped": false
            },
            {
              "title": "Verify Test Cases Page",
              "fullTitle": "Contact Us Page Verify Test Cases Page",
              "timedOut": null,
              "duration": 4556,
              "state": "passed",
              "speed": "fast",
              "pass": true,
              "fail": false,
              "pending": false,
              "context": null,
              "code": "cy.clickOn(homePage.selectors.testCase);\ncy.verifyUrlOfPage('https://www.automationexercise.com/test_cases');",
              "err": {},
              "uuid": "5e4267af-d9cf-4810-8728-5b7560cb4924",
              "parentUUID": "3749972f-5ee9-4698-b3ac-350203ef7b30",
              "isHook": false,
              "skipped": false
            }
          ],
          "suites": [],
          "passes": [
            "1dac43b1-a963-41c2-a574-c0f500787337",
            "5e4267af-d9cf-4810-8728-5b7560cb4924"
          ],
          "failures": [],
          "pending": [],
          "skipped": [],
          "duration": 18572,
          "root": false,
          "rootEmpty": false,
          "_timeout": 2000
        }
      ],
      "passes": [],
      "failures": [],
      "pending": [],
      "skipped": [],
      "duration": 0,
      "root": true,
      "rootEmpty": true,
      "_timeout": 2000
    }
  ],
  "meta": {
    "mocha": {
      "version": "7.0.1"
    },
    "mochawesome": {
      "options": {
        "quiet": false,
        "reportFilename": "mochawesome",
        "saveHtml": false,
        "saveJson": true,
        "consoleReporter": "spec",
        "useInlineDiffs": false,
        "code": true
      },
      "version": "7.1.3"
    },
    "marge": {
      "options": {
        "id": "default",
        "reportDir": "cypress/results/mochawesome",
        "quite": true,
        "overwrite": false,
        "html": false,
        "json": true
      },
      "version": "6.2.0"
    }
  }
}