{
  "stats": {
    "suites": 1,
    "tests": 2,
    "passes": 2,
    "pending": 0,
    "failures": 0,
    "start": "2023-06-30T19:31:57.432Z",
    "end": "2023-06-30T19:32:19.044Z",
    "duration": 21612,
    "testsRegistered": 2,
    "passPercent": 100,
    "pendingPercent": 0,
    "other": 0,
    "hasOther": false,
    "skipped": 0,
    "hasSkipped": false
  },
  "results": [
    {
      "uuid": "a1d0b02d-5240-470e-ae09-8d2a94ddf8ba",
      "title": "",
      "fullFile": "cypress\\e2e\\contactUs.ts",
      "file": "cypress\\e2e\\contactUs.ts",
      "beforeHooks": [],
      "afterHooks": [],
      "tests": [],
      "suites": [
        {
          "uuid": "c37c347a-c94c-4628-9876-5348c6f17ab8",
          "title": "Contact Us Page",
          "fullFile": "",
          "file": "",
          "beforeHooks": [],
          "afterHooks": [],
          "tests": [
            {
              "title": "Contact Us",
              "fullTitle": "Contact Us Page Contact Us",
              "timedOut": null,
              "duration": 15875,
              "state": "passed",
              "speed": "slow",
              "pass": true,
              "fail": false,
              "pending": false,
              "context": null,
              "code": "cy.clickOn(homePage.selectors.contactUs);\ncy.getValue(contactPage.selectors.getInTouch, contactPage.selectors.getInTouchText);\ncy.fillInput(contactPage.selectors.name, 'Gent');\ncy.fillInput(contactPage.selectors.email, 'gent@gmail.com');\ncy.fillInput(contactPage.selectors.subject, 'AI');\ncy.fillInput(contactPage.selectors.message, 'Test....');\ncy.uploadFile(contactPage.selectors.fileUpload, 'cypress/fixtures/sample.pdf');\ncy.clickOn(contactPage.selectors.submit);\ncy.getValue(contactPage.selectors.success, 'Success! Your details have been submitted successfully.');\ncy.clickOn(contactPage.selectors.homeButton);\ncy.verifyUrlOfPage(homePage.selectors.homePageUrl);",
              "err": {},
              "uuid": "1eba666e-d14b-47bd-8597-88b0f4847977",
              "parentUUID": "c37c347a-c94c-4628-9876-5348c6f17ab8",
              "isHook": false,
              "skipped": false
            },
            {
              "title": "Verify Test Cases Page",
              "fullTitle": "Contact Us Page Verify Test Cases Page",
              "timedOut": null,
              "duration": 5603,
              "state": "passed",
              "speed": "medium",
              "pass": true,
              "fail": false,
              "pending": false,
              "context": null,
              "code": "cy.clickOn(homePage.selectors.testCase);\ncy.verifyUrlOfPage('https://www.automationexercise.com/test_cases');",
              "err": {},
              "uuid": "60e1eff5-1825-4e48-910c-43f05dd7dc72",
              "parentUUID": "c37c347a-c94c-4628-9876-5348c6f17ab8",
              "isHook": false,
              "skipped": false
            }
          ],
          "suites": [],
          "passes": [
            "1eba666e-d14b-47bd-8597-88b0f4847977",
            "60e1eff5-1825-4e48-910c-43f05dd7dc72"
          ],
          "failures": [],
          "pending": [],
          "skipped": [],
          "duration": 21478,
          "root": false,
          "rootEmpty": false,
          "_timeout": 2000
        }
      ],
      "passes": [],
      "failures": [],
      "pending": [],
      "skipped": [],
      "duration": 0,
      "root": true,
      "rootEmpty": true,
      "_timeout": 2000
    }
  ],
  "meta": {
    "mocha": {
      "version": "7.0.1"
    },
    "mochawesome": {
      "options": {
        "quiet": false,
        "reportFilename": "mochawesome",
        "saveHtml": false,
        "saveJson": true,
        "consoleReporter": "spec",
        "useInlineDiffs": false,
        "code": true
      },
      "version": "7.1.3"
    },
    "marge": {
      "options": {
        "id": "default",
        "reportDir": "cypress/results/mochawesome",
        "quite": true,
        "overwrite": false,
        "html": false,
        "json": true
      },
      "version": "6.2.0"
    }
  }
}