{
  "stats": {
    "suites": 1,
    "tests": 2,
    "passes": 2,
    "pending": 0,
    "failures": 0,
    "start": "2023-06-30T20:32:13.056Z",
    "end": "2023-06-30T20:32:28.777Z",
    "duration": 15721,
    "testsRegistered": 2,
    "passPercent": 100,
    "pendingPercent": 0,
    "other": 0,
    "hasOther": false,
    "skipped": 0,
    "hasSkipped": false
  },
  "results": [
    {
      "uuid": "41b84722-ef4e-40b4-b755-6a2ef5636501",
      "title": "",
      "fullFile": "cypress\\e2e\\SignupLogin.ts",
      "file": "cypress\\e2e\\SignupLogin.ts",
      "beforeHooks": [],
      "afterHooks": [],
      "tests": [],
      "suites": [
        {
          "uuid": "dcddc3b6-8c78-4436-bc09-59ee690c1cef",
          "title": "Create and login",
          "fullFile": "",
          "file": "",
          "beforeHooks": [],
          "afterHooks": [],
          "tests": [
            {
              "title": "Login with correct data",
              "fullTitle": "Create and login Login with correct data",
              "timedOut": null,
              "duration": 10065,
              "state": "passed",
              "speed": "slow",
              "pass": true,
              "fail": false,
              "pending": false,
              "context": null,
              "code": "homePage.login('gent@gmail.com', data.password);",
              "err": {},
              "uuid": "2cd9f781-878c-4015-9efc-c287d7c9dfca",
              "parentUUID": "dcddc3b6-8c78-4436-bc09-59ee690c1cef",
              "isHook": false,
              "skipped": false
            },
            {
              "title": "Try to login with incorrect data",
              "fullTitle": "Create and login Try to login with incorrect data",
              "timedOut": null,
              "duration": 5484,
              "state": "passed",
              "speed": "medium",
              "pass": true,
              "fail": false,
              "pending": false,
              "context": null,
              "code": "homePage.login('gent@gmail.com', '123123');\nhomePage.incorrectData();",
              "err": {},
              "uuid": "5e9af12f-e7f0-4146-ac5f-b0aa783ad869",
              "parentUUID": "dcddc3b6-8c78-4436-bc09-59ee690c1cef",
              "isHook": false,
              "skipped": false
            }
          ],
          "suites": [],
          "passes": [
            "2cd9f781-878c-4015-9efc-c287d7c9dfca",
            "5e9af12f-e7f0-4146-ac5f-b0aa783ad869"
          ],
          "failures": [],
          "pending": [],
          "skipped": [],
          "duration": 15549,
          "root": false,
          "rootEmpty": false,
          "_timeout": 2000
        }
      ],
      "passes": [],
      "failures": [],
      "pending": [],
      "skipped": [],
      "duration": 0,
      "root": true,
      "rootEmpty": true,
      "_timeout": 2000
    }
  ],
  "meta": {
    "mocha": {
      "version": "7.0.1"
    },
    "mochawesome": {
      "options": {
        "quiet": false,
        "reportFilename": "mochawesome",
        "saveHtml": false,
        "saveJson": true,
        "consoleReporter": "spec",
        "useInlineDiffs": false,
        "code": true
      },
      "version": "7.1.3"
    },
    "marge": {
      "options": {
        "id": "default",
        "reportDir": "cypress/results/mochawesome",
        "quite": true,
        "overwrite": false,
        "html": false,
        "json": true
      },
      "version": "6.2.0"
    }
  }
}