{
  "stats": {
    "suites": 1,
    "tests": 2,
    "passes": 2,
    "pending": 0,
    "failures": 0,
    "start": "2023-06-30T19:38:46.453Z",
    "end": "2023-06-30T19:39:03.183Z",
    "duration": 16730,
    "testsRegistered": 2,
    "passPercent": 100,
    "pendingPercent": 0,
    "other": 0,
    "hasOther": false,
    "skipped": 0,
    "hasSkipped": false
  },
  "results": [
    {
      "uuid": "683ddbca-0286-43e9-a636-f46ef40385f0",
      "title": "",
      "fullFile": "cypress\\e2e\\SignupLogin.ts",
      "file": "cypress\\e2e\\SignupLogin.ts",
      "beforeHooks": [],
      "afterHooks": [],
      "tests": [],
      "suites": [
        {
          "uuid": "f02a5b21-9c57-4957-871f-7b6892bc79a9",
          "title": "Create and login",
          "fullFile": "",
          "file": "",
          "beforeHooks": [],
          "afterHooks": [],
          "tests": [
            {
              "title": "Login with correct data",
              "fullTitle": "Create and login Login with correct data",
              "timedOut": null,
              "duration": 9930,
              "state": "passed",
              "speed": "medium",
              "pass": true,
              "fail": false,
              "pending": false,
              "context": null,
              "code": "homePage.login('gent@gmail.com', data.password);",
              "err": {},
              "uuid": "56b768a1-0742-4438-9ca6-b1492af2e625",
              "parentUUID": "f02a5b21-9c57-4957-871f-7b6892bc79a9",
              "isHook": false,
              "skipped": false
            },
            {
              "title": "Try to login with incorrect data",
              "fullTitle": "Create and login Try to login with incorrect data",
              "timedOut": null,
              "duration": 6666,
              "state": "passed",
              "speed": "medium",
              "pass": true,
              "fail": false,
              "pending": false,
              "context": null,
              "code": "homePage.login('gent@gmail.com', '123123');\nhomePage.incorrectData();",
              "err": {},
              "uuid": "f379fc39-a940-43cb-892b-8c46400db0af",
              "parentUUID": "f02a5b21-9c57-4957-871f-7b6892bc79a9",
              "isHook": false,
              "skipped": false
            }
          ],
          "suites": [],
          "passes": [
            "56b768a1-0742-4438-9ca6-b1492af2e625",
            "f379fc39-a940-43cb-892b-8c46400db0af"
          ],
          "failures": [],
          "pending": [],
          "skipped": [],
          "duration": 16596,
          "root": false,
          "rootEmpty": false,
          "_timeout": 2000
        }
      ],
      "passes": [],
      "failures": [],
      "pending": [],
      "skipped": [],
      "duration": 0,
      "root": true,
      "rootEmpty": true,
      "_timeout": 2000
    }
  ],
  "meta": {
    "mocha": {
      "version": "7.0.1"
    },
    "mochawesome": {
      "options": {
        "quiet": false,
        "reportFilename": "mochawesome",
        "saveHtml": false,
        "saveJson": true,
        "consoleReporter": "spec",
        "useInlineDiffs": false,
        "code": true
      },
      "version": "7.1.3"
    },
    "marge": {
      "options": {
        "id": "default",
        "reportDir": "cypress/results/mochawesome",
        "quite": true,
        "overwrite": false,
        "html": false,
        "json": true
      },
      "version": "6.2.0"
    }
  }
}