{
  "stats": {
    "suites": 1,
    "tests": 1,
    "passes": 1,
    "pending": 0,
    "failures": 0,
    "start": "2023-06-30T19:38:00.117Z",
    "end": "2023-06-30T19:38:06.737Z",
    "duration": 6620,
    "testsRegistered": 1,
    "passPercent": 100,
    "pendingPercent": 0,
    "other": 0,
    "hasOther": false,
    "skipped": 0,
    "hasSkipped": false
  },
  "results": [
    {
      "uuid": "ac254109-c24e-4be0-b1b7-5a5c58d3d53b",
      "title": "",
      "fullFile": "cypress\\e2e\\homePage.ts",
      "file": "cypress\\e2e\\homePage.ts",
      "beforeHooks": [],
      "afterHooks": [],
      "tests": [],
      "suites": [
        {
          "uuid": "cd0da277-7374-4efb-a82d-2ce3a631b075",
          "title": "HomePage",
          "fullFile": "",
          "file": "",
          "beforeHooks": [],
          "afterHooks": [],
          "tests": [
            {
              "title": "Verify Subscription in home page",
              "fullTitle": "HomePage Verify Subscription in home page",
              "timedOut": null,
              "duration": 6560,
              "state": "passed",
              "speed": "medium",
              "pass": true,
              "fail": false,
              "pending": false,
              "context": null,
              "code": "cy.scroll(homePage.selectors.footer);\ncy.getValue(homePage.selectors.subscription, 'Subscription');\ncy.fillInput(homePage.selectors.subscribeInput, 'Test@gmail.com');\ncy.clickOn(homePage.selectors.subscribeButton);\ncy.verifyPresence(homePage.selectors.alertSuccess);",
              "err": {},
              "uuid": "965587f6-95d1-4bbd-bce1-ebdd6dccc4c5",
              "parentUUID": "cd0da277-7374-4efb-a82d-2ce3a631b075",
              "isHook": false,
              "skipped": false
            }
          ],
          "suites": [],
          "passes": [
            "965587f6-95d1-4bbd-bce1-ebdd6dccc4c5"
          ],
          "failures": [],
          "pending": [],
          "skipped": [],
          "duration": 6560,
          "root": false,
          "rootEmpty": false,
          "_timeout": 2000
        }
      ],
      "passes": [],
      "failures": [],
      "pending": [],
      "skipped": [],
      "duration": 0,
      "root": true,
      "rootEmpty": true,
      "_timeout": 2000
    }
  ],
  "meta": {
    "mocha": {
      "version": "7.0.1"
    },
    "mochawesome": {
      "options": {
        "quiet": false,
        "reportFilename": "mochawesome",
        "saveHtml": false,
        "saveJson": true,
        "consoleReporter": "spec",
        "useInlineDiffs": false,
        "code": true
      },
      "version": "7.1.3"
    },
    "marge": {
      "options": {
        "id": "default",
        "reportDir": "cypress/results/mochawesome",
        "quite": true,
        "overwrite": false,
        "html": false,
        "json": true
      },
      "version": "6.2.0"
    }
  }
}