{
  "stats": {
    "suites": 1,
    "tests": 5,
    "passes": 5,
    "pending": 0,
    "failures": 0,
    "start": "2023-06-30T19:38:08.461Z",
    "end": "2023-06-30T19:38:44.758Z",
    "duration": 36297,
    "testsRegistered": 5,
    "passPercent": 100,
    "pendingPercent": 0,
    "other": 0,
    "hasOther": false,
    "skipped": 0,
    "hasSkipped": false
  },
  "results": [
    {
      "uuid": "07622f0c-9128-4702-91d0-093ffa4cedcc",
      "title": "",
      "fullFile": "cypress\\e2e\\products.ts",
      "file": "cypress\\e2e\\products.ts",
      "beforeHooks": [],
      "afterHooks": [],
      "tests": [],
      "suites": [
        {
          "uuid": "813838cc-a0af-4a63-835e-baf5eae82e69",
          "title": "Products",
          "fullFile": "",
          "file": "",
          "beforeHooks": [],
          "afterHooks": [],
          "tests": [
            {
              "title": "Verify All Products and product detail page",
              "fullTitle": "Products Verify All Products and product detail page",
              "timedOut": null,
              "duration": 6995,
              "state": "passed",
              "speed": "medium",
              "pass": true,
              "fail": false,
              "pending": false,
              "context": null,
              "code": "cy.get(products.selectors.viewProduct).click();\ncy.get(products.selectors.price).should('be.visible');\ncy.get(products.selectors.brand).should('be.visible');",
              "err": {},
              "uuid": "0fad14d7-9cc6-4994-9896-d89d0c09d282",
              "parentUUID": "813838cc-a0af-4a63-835e-baf5eae82e69",
              "isHook": false,
              "skipped": false
            },
            {
              "title": "Search Products",
              "fullTitle": "Products Search Products",
              "timedOut": null,
              "duration": 4616,
              "state": "passed",
              "speed": "fast",
              "pass": true,
              "fail": false,
              "pending": false,
              "context": null,
              "code": "cy.fillInput(products.selectors.searchInput, 'Premium Polo T-Shirts');\ncy.clickOn(products.selectors.searchInputButton);\ncy.getValue(products.selectors.expectedItem, 'Premium Polo T-Shirts');",
              "err": {},
              "uuid": "ab225db4-0f5b-44b8-97b8-9d016e0af455",
              "parentUUID": "813838cc-a0af-4a63-835e-baf5eae82e69",
              "isHook": false,
              "skipped": false
            },
            {
              "title": "Add multiple prodcuts to cart",
              "fullTitle": "Products Add multiple prodcuts to cart",
              "timedOut": null,
              "duration": 9665,
              "state": "passed",
              "speed": "medium",
              "pass": true,
              "fail": false,
              "pending": false,
              "context": null,
              "code": "globalThis.data.productName.forEach(function (el) {\n    products.addMultipleProducts(products.selectors.firstProduct, el);\n    debugger;\n    // cy.wait(2000)\n    // cy.clickOn(products.selectors.modal);\n    // cy.clickOn(carts.selectors.carts);\n});",
              "err": {},
              "uuid": "d37c35a0-2ad9-4c06-98d2-c7fffddca74a",
              "parentUUID": "813838cc-a0af-4a63-835e-baf5eae82e69",
              "isHook": false,
              "skipped": false
            },
            {
              "title": "Add Products to Cart",
              "fullTitle": "Products Add Products to Cart",
              "timedOut": null,
              "duration": 7509,
              "state": "passed",
              "speed": "medium",
              "pass": true,
              "fail": false,
              "pending": false,
              "context": null,
              "code": "let firstProductValue;\nproducts.clickOnHover(products.selectors.firstProduct);\n// Get the value of the first product on the first page\ncy.get(products.selectors.priceOfFirstProd)\n    .invoke('text')\n    .then((value) => {\n    firstProductValue = value;\n});\ncy.clickOn(products.selectors.modal);\ncy.clickOn(carts.selectors.carts);\n// Get the value of the first product on the last page\ncy.get(products.selectors.priceOfFirstProdOnPurchase)\n    .invoke('text')\n    .then((lastPageValue) => {\n    // Verify the values only if the first product exists on the first page\n    if (firstProductValue) {\n        cy.verifyValues(firstProductValue, lastPageValue);\n    }\n});",
              "err": {},
              "uuid": "38317ba6-513f-4cd7-9f99-b25b0e45c955",
              "parentUUID": "813838cc-a0af-4a63-835e-baf5eae82e69",
              "isHook": false,
              "skipped": false
            },
            {
              "title": "Verify Product quantity in Cart",
              "fullTitle": "Products Verify Product quantity in Cart",
              "timedOut": null,
              "duration": 7361,
              "state": "passed",
              "speed": "medium",
              "pass": true,
              "fail": false,
              "pending": false,
              "context": null,
              "code": "let qunatity = '10';\ncy.get(products.selectors.viewProduct).click();\nproducts.clearAndFillInput(products.selectors.quantity, qunatity);\ncy.clickOn(products.selectors.addProductToCartButton);\ncy.getValue(products.selectors.modalProductAdded, 'Added!');\ncy.clickOn(products.selectors.modal);\ncy.clickOn(carts.selectors.carts);\ncy.get(carts.selectors.quantity)\n    .invoke('text')\n    .then((item) => {\n    cy.verifyValues(qunatity, item);\n});",
              "err": {},
              "uuid": "00473362-5290-4070-8dfd-c96f4303e0c5",
              "parentUUID": "813838cc-a0af-4a63-835e-baf5eae82e69",
              "isHook": false,
              "skipped": false
            }
          ],
          "suites": [],
          "passes": [
            "0fad14d7-9cc6-4994-9896-d89d0c09d282",
            "ab225db4-0f5b-44b8-97b8-9d016e0af455",
            "d37c35a0-2ad9-4c06-98d2-c7fffddca74a",
            "38317ba6-513f-4cd7-9f99-b25b0e45c955",
            "00473362-5290-4070-8dfd-c96f4303e0c5"
          ],
          "failures": [],
          "pending": [],
          "skipped": [],
          "duration": 36146,
          "root": false,
          "rootEmpty": false,
          "_timeout": 2000
        }
      ],
      "passes": [],
      "failures": [],
      "pending": [],
      "skipped": [],
      "duration": 0,
      "root": true,
      "rootEmpty": true,
      "_timeout": 2000
    }
  ],
  "meta": {
    "mocha": {
      "version": "7.0.1"
    },
    "mochawesome": {
      "options": {
        "quiet": false,
        "reportFilename": "mochawesome",
        "saveHtml": false,
        "saveJson": true,
        "consoleReporter": "spec",
        "useInlineDiffs": false,
        "code": true
      },
      "version": "7.1.3"
    },
    "marge": {
      "options": {
        "id": "default",
        "reportDir": "cypress/results/mochawesome",
        "quite": true,
        "overwrite": false,
        "html": false,
        "json": true
      },
      "version": "6.2.0"
    }
  }
}