{
  "stats": {
    "suites": 1,
    "tests": 2,
    "passes": 2,
    "pending": 0,
    "failures": 0,
    "start": "2023-06-30T19:37:39.627Z",
    "end": "2023-06-30T19:37:58.352Z",
    "duration": 18725,
    "testsRegistered": 2,
    "passPercent": 100,
    "pendingPercent": 0,
    "other": 0,
    "hasOther": false,
    "skipped": 0,
    "hasSkipped": false
  },
  "results": [
    {
      "uuid": "a5eeee8c-5315-429d-a00e-54e83351bc5f",
      "title": "",
      "fullFile": "cypress\\e2e\\contactUs.ts",
      "file": "cypress\\e2e\\contactUs.ts",
      "beforeHooks": [],
      "afterHooks": [],
      "tests": [],
      "suites": [
        {
          "uuid": "3749972f-5ee9-4698-b3ac-350203ef7b30",
          "title": "Contact Us Page",
          "fullFile": "",
          "file": "",
          "beforeHooks": [],
          "afterHooks": [],
          "tests": [
            {
              "title": "Contact Us",
              "fullTitle": "Contact Us Page Contact Us",
              "timedOut": null,
              "duration": 14016,
              "state": "passed",
              "speed": "slow",
              "pass": true,
              "fail": false,
              "pending": false,
              "context": null,
              "code": "cy.clickOn(homePage.selectors.contactUs);\ncy.getValue(contactPage.selectors.getInTouch, contactPage.selectors.getInTouchText);\ncy.fillInput(contactPage.selectors.name, 'Gent');\ncy.fillInput(contactPage.selectors.email, 'gent@gmail.com');\ncy.fillInput(contactPage.selectors.subject, 'AI');\ncy.fillInput(contactPage.selectors.message, 'Test....');\ncy.uploadFile(contactPage.selectors.fileUpload, 'cypress/fixtures/sample.pdf');\ncy.clickOn(contactPage.selectors.submit);\ncy.getValue(contactPage.selectors.success, 'Success! Your details have been submitted successfully.');\ncy.clickOn(contactPage.selectors.homeButton);\ncy.verifyUrlOfPage(homePage.selectors.homePageUrl);",
              "err": {},
              "uuid": "1dac43b1-a963-41c2-a574-c0f500787337",
              "parentUUID": "3749972f-5ee9-4698-b3ac-350203ef7b30",
              "isHook": false,
              "skipped": false
            },
            {
              "title": "Verify Test Cases Page",
              "fullTitle": "Contact Us Page Verify Test Cases Page",
              "timedOut": null,
              "duration": 4556,
              "state": "passed",
              "speed": "fast",
              "pass": true,
              "fail": false,
              "pending": false,
              "context": null,
              "code": "cy.clickOn(homePage.selectors.testCase);\ncy.verifyUrlOfPage('https://www.automationexercise.com/test_cases');",
              "err": {},
              "uuid": "5e4267af-d9cf-4810-8728-5b7560cb4924",
              "parentUUID": "3749972f-5ee9-4698-b3ac-350203ef7b30",
              "isHook": false,
              "skipped": false
            }
          ],
          "suites": [],
          "passes": [
            "1dac43b1-a963-41c2-a574-c0f500787337",
            "5e4267af-d9cf-4810-8728-5b7560cb4924"
          ],
          "failures": [],
          "pending": [],
          "skipped": [],
          "duration": 18572,
          "root": false,
          "rootEmpty": false,
          "_timeout": 2000
        }
      ],
      "passes": [],
      "failures": [],
      "pending": [],
      "skipped": [],
      "duration": 0,
      "root": true,
      "rootEmpty": true,
      "_timeout": 2000
    }
  ],
  "meta": {
    "mocha": {
      "version": "7.0.1"
    },
    "mochawesome": {
      "options": {
        "quiet": false,
        "reportFilename": "mochawesome",
        "saveHtml": false,
        "saveJson": true,
        "consoleReporter": "spec",
        "useInlineDiffs": false,
        "code": true
      },
      "version": "7.1.3"
    },
    "marge": {
      "options": {
        "id": "default",
        "reportDir": "cypress/results/mochawesome",
        "quite": true,
        "overwrite": false,
        "html": false,
        "json": true
      },
      "version": "6.2.0"
    }
  }
}