{
  "stats": {
    "suites": 1,
    "tests": 1,
    "passes": 1,
    "pending": 0,
    "failures": 0,
    "start": "2023-06-30T13:41:37.351Z",
    "end": "2023-06-30T13:41:47.999Z",
    "duration": 10648,
    "testsRegistered": 1,
    "passPercent": 100,
    "pendingPercent": 0,
    "other": 0,
    "hasOther": false,
    "skipped": 0,
    "hasSkipped": false
  },
  "results": [
    {
      "uuid": "25f4ba65-4e7d-42d7-a78f-2c3ecd343d45",
      "title": "",
      "fullFile": "cypress/e2e/homePage.ts",
      "file": "cypress/e2e/homePage.ts",
      "beforeHooks": [],
      "afterHooks": [],
      "tests": [],
      "suites": [
        {
          "uuid": "a478823f-042a-4857-b0fb-b469c5b52486",
          "title": "HomePage",
          "fullFile": "",
          "file": "",
          "beforeHooks": [],
          "afterHooks": [],
          "tests": [
            {
              "title": "Verify Subscription in home page",
              "fullTitle": "HomePage Verify Subscription in home page",
              "timedOut": null,
              "duration": 10279,
              "state": "passed",
              "speed": "slow",
              "pass": true,
              "fail": false,
              "pending": false,
              "context": null,
              "code": "cy.scroll(homePage.selectors.footer);\ncy.getValue(homePage.selectors.subscription, 'Subscription');\ncy.fillInput(homePage.selectors.subscribeInput, 'Test@gmail.com');\ncy.clickOn(homePage.selectors.subscribeButton);\ncy.verifyPresence(homePage.selectors.alertSuccess);",
              "err": {},
              "uuid": "9da3ba5b-8c95-4366-a7bc-508ad0bdc122",
              "parentUUID": "a478823f-042a-4857-b0fb-b469c5b52486",
              "isHook": false,
              "skipped": false
            }
          ],
          "suites": [],
          "passes": [
            "9da3ba5b-8c95-4366-a7bc-508ad0bdc122"
          ],
          "failures": [],
          "pending": [],
          "skipped": [],
          "duration": 10279,
          "root": false,
          "rootEmpty": false,
          "_timeout": 2000
        }
      ],
      "passes": [],
      "failures": [],
      "pending": [],
      "skipped": [],
      "duration": 0,
      "root": true,
      "rootEmpty": true,
      "_timeout": 2000
    }
  ],
  "meta": {
    "mocha": {
      "version": "7.0.1"
    },
    "mochawesome": {
      "options": {
        "quiet": false,
        "reportFilename": "mochawesome",
        "saveHtml": false,
        "saveJson": true,
        "consoleReporter": "spec",
        "useInlineDiffs": false,
        "code": true
      },
      "version": "7.1.3"
    },
    "marge": {
      "options": {
        "id": "default",
        "reportDir": "cypress/results/mochawesome",
        "quite": true,
        "overwrite": false,
        "html": false,
        "json": true
      },
      "version": "6.2.0"
    }
  }
}