{
  "stats": {
    "suites": 1,
    "tests": 5,
    "passes": 5,
    "pending": 0,
    "failures": 0,
    "start": "2023-06-30T19:32:29.800Z",
    "end": "2023-06-30T19:33:19.315Z",
    "duration": 49515,
    "testsRegistered": 5,
    "passPercent": 100,
    "pendingPercent": 0,
    "other": 0,
    "hasOther": false,
    "skipped": 0,
    "hasSkipped": false
  },
  "results": [
    {
      "uuid": "be835d87-3b4c-4a77-82b1-36a5006b1270",
      "title": "",
      "fullFile": "cypress\\e2e\\products.ts",
      "file": "cypress\\e2e\\products.ts",
      "beforeHooks": [],
      "afterHooks": [],
      "tests": [],
      "suites": [
        {
          "uuid": "a3040d64-52d3-4c90-8dcd-7e8f92a9c5cf",
          "title": "Products",
          "fullFile": "",
          "file": "",
          "beforeHooks": [],
          "afterHooks": [],
          "tests": [
            {
              "title": "Verify All Products and product detail page",
              "fullTitle": "Products Verify All Products and product detail page",
              "timedOut": null,
              "duration": 8071,
              "state": "passed",
              "speed": "medium",
              "pass": true,
              "fail": false,
              "pending": false,
              "context": null,
              "code": "cy.get(products.selectors.viewProduct).click();\ncy.get(products.selectors.price).should('be.visible');\ncy.get(products.selectors.brand).should('be.visible');",
              "err": {},
              "uuid": "87ec59b0-214c-463c-b045-ec008b593339",
              "parentUUID": "a3040d64-52d3-4c90-8dcd-7e8f92a9c5cf",
              "isHook": false,
              "skipped": false
            },
            {
              "title": "Search Products",
              "fullTitle": "Products Search Products",
              "timedOut": null,
              "duration": 8411,
              "state": "passed",
              "speed": "medium",
              "pass": true,
              "fail": false,
              "pending": false,
              "context": null,
              "code": "cy.fillInput(products.selectors.searchInput, 'Premium Polo T-Shirts');\ncy.clickOn(products.selectors.searchInputButton);\ncy.getValue(products.selectors.expectedItem, 'Premium Polo T-Shirts');",
              "err": {},
              "uuid": "de97d94e-57e5-499d-a316-d166b4a78e4b",
              "parentUUID": "a3040d64-52d3-4c90-8dcd-7e8f92a9c5cf",
              "isHook": false,
              "skipped": false
            },
            {
              "title": "Add multiple prodcuts to cart",
              "fullTitle": "Products Add multiple prodcuts to cart",
              "timedOut": null,
              "duration": 11995,
              "state": "passed",
              "speed": "slow",
              "pass": true,
              "fail": false,
              "pending": false,
              "context": null,
              "code": "globalThis.data.productName.forEach(function (el) {\n    products.addMultipleProducts(products.selectors.firstProduct, el);\n    debugger;\n    // cy.wait(2000)\n    // cy.clickOn(products.selectors.modal);\n    // cy.clickOn(carts.selectors.carts);\n});",
              "err": {},
              "uuid": "9daa3139-63fc-44c4-9867-c9b35cff14d4",
              "parentUUID": "a3040d64-52d3-4c90-8dcd-7e8f92a9c5cf",
              "isHook": false,
              "skipped": false
            },
            {
              "title": "Add Products to Cart",
              "fullTitle": "Products Add Products to Cart",
              "timedOut": null,
              "duration": 10869,
              "state": "passed",
              "speed": "slow",
              "pass": true,
              "fail": false,
              "pending": false,
              "context": null,
              "code": "let firstProductValue;\nproducts.clickOnHover(products.selectors.firstProduct);\n// Get the value of the first product on the first page\ncy.get(products.selectors.priceOfFirstProd)\n    .invoke('text')\n    .then((value) => {\n    firstProductValue = value;\n});\ncy.clickOn(products.selectors.modal);\ncy.clickOn(carts.selectors.carts);\n// Get the value of the first product on the last page\ncy.get(products.selectors.priceOfFirstProdOnPurchase)\n    .invoke('text')\n    .then((lastPageValue) => {\n    // Verify the values only if the first product exists on the first page\n    if (firstProductValue) {\n        cy.verifyValues(firstProductValue, lastPageValue);\n    }\n});",
              "err": {},
              "uuid": "90a973f6-2af6-43a3-ba74-b04453d17891",
              "parentUUID": "a3040d64-52d3-4c90-8dcd-7e8f92a9c5cf",
              "isHook": false,
              "skipped": false
            },
            {
              "title": "Verify Product quantity in Cart",
              "fullTitle": "Products Verify Product quantity in Cart",
              "timedOut": null,
              "duration": 10038,
              "state": "passed",
              "speed": "slow",
              "pass": true,
              "fail": false,
              "pending": false,
              "context": null,
              "code": "let qunatity = '10';\ncy.get(products.selectors.viewProduct).click();\nproducts.clearAndFillInput(products.selectors.quantity, qunatity);\ncy.clickOn(products.selectors.addProductToCartButton);\ncy.getValue(products.selectors.modalProductAdded, 'Added!');\ncy.clickOn(products.selectors.modal);\ncy.clickOn(carts.selectors.carts);\ncy.get(carts.selectors.quantity)\n    .invoke('text')\n    .then((item) => {\n    cy.verifyValues(qunatity, item);\n});",
              "err": {},
              "uuid": "b89d8304-e6e1-4fb2-b51b-29f2c9964998",
              "parentUUID": "a3040d64-52d3-4c90-8dcd-7e8f92a9c5cf",
              "isHook": false,
              "skipped": false
            }
          ],
          "suites": [],
          "passes": [
            "87ec59b0-214c-463c-b045-ec008b593339",
            "de97d94e-57e5-499d-a316-d166b4a78e4b",
            "9daa3139-63fc-44c4-9867-c9b35cff14d4",
            "90a973f6-2af6-43a3-ba74-b04453d17891",
            "b89d8304-e6e1-4fb2-b51b-29f2c9964998"
          ],
          "failures": [],
          "pending": [],
          "skipped": [],
          "duration": 49384,
          "root": false,
          "rootEmpty": false,
          "_timeout": 2000
        }
      ],
      "passes": [],
      "failures": [],
      "pending": [],
      "skipped": [],
      "duration": 0,
      "root": true,
      "rootEmpty": true,
      "_timeout": 2000
    }
  ],
  "meta": {
    "mocha": {
      "version": "7.0.1"
    },
    "mochawesome": {
      "options": {
        "quiet": false,
        "reportFilename": "mochawesome",
        "saveHtml": false,
        "saveJson": true,
        "consoleReporter": "spec",
        "useInlineDiffs": false,
        "code": true
      },
      "version": "7.1.3"
    },
    "marge": {
      "options": {
        "id": "default",
        "reportDir": "cypress/results/mochawesome",
        "quite": true,
        "overwrite": false,
        "html": false,
        "json": true
      },
      "version": "6.2.0"
    }
  }
}