{
  "stats": {
    "suites": 1,
    "tests": 5,
    "passes": 4,
    "pending": 0,
    "failures": 1,
    "start": "2023-06-30T13:41:50.756Z",
    "end": "2023-06-30T13:42:30.898Z",
    "duration": 40142,
    "testsRegistered": 5,
    "passPercent": 80,
    "pendingPercent": 0,
    "other": 0,
    "hasOther": false,
    "skipped": 0,
    "hasSkipped": false
  },
  "results": [
    {
      "uuid": "3ea9f75a-4e3d-4175-bac9-adad57c43606",
      "title": "",
      "fullFile": "cypress/e2e/products.ts",
      "file": "cypress/e2e/products.ts",
      "beforeHooks": [],
      "afterHooks": [],
      "tests": [],
      "suites": [
        {
          "uuid": "74d4bc19-1a21-4b3c-8ab0-d6cba048f5aa",
          "title": "Products",
          "fullFile": "",
          "file": "",
          "beforeHooks": [],
          "afterHooks": [],
          "tests": [
            {
              "title": "Verify All Products and product detail page",
              "fullTitle": "Products Verify All Products and product detail page",
              "timedOut": null,
              "duration": 6756,
              "state": "passed",
              "speed": "medium",
              "pass": true,
              "fail": false,
              "pending": false,
              "context": null,
              "code": "cy.get(products.selectors.viewProduct).click();\ncy.get(products.selectors.price).should('be.visible');\ncy.get(products.selectors.brand).should('be.visible');",
              "err": {},
              "uuid": "52395482-75db-4fd7-9f5a-46f5021831b0",
              "parentUUID": "74d4bc19-1a21-4b3c-8ab0-d6cba048f5aa",
              "isHook": false,
              "skipped": false
            },
            {
              "title": "Search Products",
              "fullTitle": "Products Search Products",
              "timedOut": null,
              "duration": 4698,
              "state": "passed",
              "speed": "fast",
              "pass": true,
              "fail": false,
              "pending": false,
              "context": null,
              "code": "cy.fillInput(products.selectors.searchInput, 'Premium Polo T-Shirts');\ncy.clickOn(products.selectors.searchInputButton);\ncy.getValue(products.selectors.expectedItem, 'Premium Polo T-Shirts');",
              "err": {},
              "uuid": "ea78172d-9d7b-4a90-9941-b0c00b8474ac",
              "parentUUID": "74d4bc19-1a21-4b3c-8ab0-d6cba048f5aa",
              "isHook": false,
              "skipped": false
            },
            {
              "title": "Add multiple prodcuts to cart",
              "fullTitle": "Products Add multiple prodcuts to cart",
              "timedOut": null,
              "duration": 11012,
              "state": "passed",
              "speed": "slow",
              "pass": true,
              "fail": false,
              "pending": false,
              "context": null,
              "code": "globalThis.data.productName.forEach(function (el) {\n    products.addMultipleProducts(products.selectors.firstProduct, el);\n    debugger;\n    // cy.wait(2000)\n    // cy.clickOn(products.selectors.modal);\n    // cy.clickOn(carts.selectors.carts);\n});",
              "err": {},
              "uuid": "f64b523d-d5ba-4ab2-b5ef-2e27fd73532f",
              "parentUUID": "74d4bc19-1a21-4b3c-8ab0-d6cba048f5aa",
              "isHook": false,
              "skipped": false
            },
            {
              "title": "Add Products to Cart",
              "fullTitle": "Products Add Products to Cart",
              "timedOut": null,
              "duration": 6623,
              "state": "passed",
              "speed": "medium",
              "pass": true,
              "fail": false,
              "pending": false,
              "context": null,
              "code": "let firstProductValue;\nproducts.clickOnHover(products.selectors.firstProduct);\n// Get the value of the first product on the first page\ncy.get(products.selectors.priceOfFirstProd)\n    .invoke('text')\n    .then((value) => {\n    firstProductValue = value;\n});\ncy.clickOn(products.selectors.modal);\ncy.clickOn(carts.selectors.carts);\n// Get the value of the first product on the last page\ncy.get(products.selectors.priceOfFirstProdOnPurchase)\n    .invoke('text')\n    .then((lastPageValue) => {\n    // Verify the values only if the first product exists on the first page\n    if (firstProductValue) {\n        cy.verifyValues(firstProductValue, lastPageValue);\n    }\n});",
              "err": {},
              "uuid": "ef4b6da3-0433-46ba-8970-488ce8229ef4",
              "parentUUID": "74d4bc19-1a21-4b3c-8ab0-d6cba048f5aa",
              "isHook": false,
              "skipped": false
            },
            {
              "title": "Verify Product quantity in Cart",
              "fullTitle": "Products Verify Product quantity in Cart",
              "timedOut": null,
              "duration": 10864,
              "state": "failed",
              "speed": null,
              "pass": false,
              "fail": true,
              "pending": false,
              "context": null,
              "code": "let qunatity = '10';\ncy.get(products.selectors.viewProduct).click();\nproducts.clearAndFillInput(products.selectors.quantity, qunatity);\ncy.clickOn(products.selectors.addProductToCartButton);\ncy.getValue(products.selectors.modalProductAdded, 'Added!');\ncy.clickOn(carts.selectors.carts);\ncy.get(carts.selectors.quantity)\n    .invoke('text')\n    .then((item) => {\n    cy.verifyValues(qunatity, item);\n});",
              "err": {
                "message": "AssertionError: Timed out retrying after 4000ms: Expected to find element: `.disabled`, but never found it.",
                "estack": "AssertionError: Timed out retrying after 4000ms: Expected to find element: `.disabled`, but never found it.\n    at Context.eval (webpack:///./cypress/e2e/products.ts:72:0)",
                "diff": null
              },
              "uuid": "2d5b25a2-c1b1-415d-93cd-4c11aeb51238",
              "parentUUID": "74d4bc19-1a21-4b3c-8ab0-d6cba048f5aa",
              "isHook": false,
              "skipped": false
            }
          ],
          "suites": [],
          "passes": [
            "52395482-75db-4fd7-9f5a-46f5021831b0",
            "ea78172d-9d7b-4a90-9941-b0c00b8474ac",
            "f64b523d-d5ba-4ab2-b5ef-2e27fd73532f",
            "ef4b6da3-0433-46ba-8970-488ce8229ef4"
          ],
          "failures": [
            "2d5b25a2-c1b1-415d-93cd-4c11aeb51238"
          ],
          "pending": [],
          "skipped": [],
          "duration": 39953,
          "root": false,
          "rootEmpty": false,
          "_timeout": 2000
        }
      ],
      "passes": [],
      "failures": [],
      "pending": [],
      "skipped": [],
      "duration": 0,
      "root": true,
      "rootEmpty": true,
      "_timeout": 2000
    }
  ],
  "meta": {
    "mocha": {
      "version": "7.0.1"
    },
    "mochawesome": {
      "options": {
        "quiet": false,
        "reportFilename": "mochawesome",
        "saveHtml": false,
        "saveJson": true,
        "consoleReporter": "spec",
        "useInlineDiffs": false,
        "code": true
      },
      "version": "7.1.3"
    },
    "marge": {
      "options": {
        "id": "default",
        "reportDir": "cypress/results/mochawesome",
        "quite": true,
        "overwrite": false,
        "html": false,
        "json": true
      },
      "version": "6.2.0"
    }
  }
}